Unable to capture context for thread 4924 in process 6160, can not generate back trace
Unable to capture context for thread 2308 in process 6160, can not generate back trace
Unable to capture context for thread 13840 in process 6160, can not generate back trace
Exception at PC 0x00007FF9FE4A9149
Unable to capture context for thread 13840 in process 6160, can not generate back trace
Exception at PC 0x00007FF97F6DBB93
Printing stacktrace...

Exception at PC 0x00007FF9FE4A9149
Exception at PC 0x00007FF9FE4A9149
Exception at PC 0x00007FF9FE4A9149
Exception at PC 0x00007FF9FE4A9149
Exception at PC 0x00007FF9FE4A9149
Exception at PC 0x00007FF9FE4A9149
Exception at PC 0x00007FF9FE4A9149
Exception at PC 0x00007FF9FE4A9149
Exception at PC 0x00007FF9FE4A9149
Exception at PC 0x00007FF9FE4A9149
Exception at PC 0x00007FF9FE4A9149
Exception at PC 0x00007FF9FE4A9149
[0]  [0x00007FF97F6DBB93]
[1]  [0x00007FF97F6DBB93]
[2]  [0x00007FF97F6DB4A1]
[3]  [0x00007FF97F6DB3EF]
[4]  [0x00007FF97F6C19FE]
[5]  [0x00007FF97F6C0ED1]
[6]  [0x00007FF97F6C0D76]
[7]  [0x00007FF97F6679F6]
[8]  [0x00007FF97F657AFB]
[9]  [0x00007FF97F77E90A]
[10]  [0x00007FF97F799F87]
[11]  [0x00007FF97F79A05F]
[12] (BaseThreadInitThunk+0x14) [0x00007FFA020881F4]
[13] (RtlUserThreadStart+0x21) [0x00007FFA0235A251]
Done
Exception at PC 0x00007FF9FE4A9149
Exception at PC 0x00007FF9FE4A9149
Exception at PC 0x00007FF9FE4A9149
Exception at PC 0x00007FF9FE4A9149
Exception at PC 0x00007FF9FE4A9149
